         U _ares_fds
         U _ares_init
         U _ares_library_cleanup
         U _ares_library_init
         U _ares_parse_srv_reply
         U _ares_process
         U _ares_search
         U _ASN1_STRING_data
         U ___assert
         U _bind
         U _BIO_new_socket
000000000000d0e8 a ___bss_start
         U _calloc
         U _clock_gettime
         U _close
000000000000d0e8 b _completed.4702
         U _connect
         U _CRYPTO_cleanup_all_ex_data
000000000000ca38 d ___CTOR_END__
000000000000ca34 d ___CTOR_LIST__
         w ___cxa_finalize
         w ___deregister_frame_info@@GCC_3.0
00000000000077c0 t ___divsi3
0000000000007ba8 t ___do_global_ctors_aux
0000000000002350 t ___do_global_dtors_aux
000000000000cb50 d ___dso_handle
000000000000ca40 d ___DTOR_END__
000000000000ca3c d ___DTOR_LIST__
000000000000ca48 d _DYNAMIC
000000000000d0e8 a __edata
0000000000008a30 r ___EH_FRAME_BEGIN__
000000000000d104 a __end
         U _ERR_error_string
         U _ERR_free_strings
         U _ERR_get_error
         U ___errno_location
         U _EVP_cleanup
         U _fclose
         U _fcntl
0000000000007bd8 t __fini
000000000000772c t ___fixdfsi
000000000000769c t ___floatsidf
         U _fopen
00000000000023b4 t _frame_dummy
0000000000008a30 r ___FRAME_END__
         U _free
         U _freeaddrinfo
         U _getaddrinfo
         U _gettimeofday
000000000000ce80 d __GLOBAL_OFFSET_TABLE_
         U _inet_pton
0000000000001b74 t __init
000000000000ca44 d ___JCR_END__
000000000000ca44 d ___JCR_LIST__
         w __Jv_RegisterClasses
         U _malloc
         U _memcmp
         U _memcpy
         U _memset
0000000000007394 t ___modsi3
0000000000000000 A MOSQ_1.0
0000000000000000 A MOSQ_1.1
0000000000000000 A MOSQ_1.2
0000000000000000 A MOSQ_1.3
0000000000003eb0 t __mosquitto_calloc
0000000000007008 t __mosquitto_check_keepalive
00000000000024f0 t _mosquitto_connack_string
000000000000377c t _mosquitto_connect
0000000000003714 t _mosquitto_connect_async
000000000000372c t _mosquitto_connect_bind
00000000000036c4 t _mosquitto_connect_bind_async
00000000000028d4 t _mosquitto_connect_callback_set
0000000000003610 t __mosquitto_connect_init
00000000000068e8 t _mosquitto_connect_srv
00000000000037ac t __mosquitto_destroy
0000000000003a18 t _mosquitto_destroy
0000000000003374 t _mosquitto_disconnect
00000000000028a8 t _mosquitto_disconnect_callback_set
0000000000006e60 t __mosquitto_fopen
0000000000003ea4 t __mosquitto_free
0000000000005a38 t __mosquitto_handle_connack
0000000000005f38 t __mosquitto_handle_pingreq
0000000000005b08 t __mosquitto_handle_pingresp
0000000000005e7c t __mosquitto_handle_pubackcomp
000000000000570c t __mosquitto_handle_publish
0000000000005df8 t __mosquitto_handle_pubrec
0000000000005d0c t __mosquitto_handle_pubrel
0000000000005bf0 t __mosquitto_handle_suback
0000000000005b50 t __mosquitto_handle_unsuback
0000000000003d30 t _mosquitto_lib_cleanup
0000000000003d40 t _mosquitto_lib_init
00000000000023f8 t _mosquitto_lib_version
00000000000027cc t _mosquitto_log_callback_set
0000000000003da4 t __mosquitto_log_printf
0000000000002b80 t _mosquitto_loop
000000000000351c t _mosquitto_loop_forever
0000000000002aa4 t _mosquitto_loop_misc
0000000000002900 t __mosquitto_loop_rc_handle
0000000000002a14 t _mosquitto_loop_read
0000000000006b60 t _mosquitto_loop_start
0000000000006aec t _mosquitto_loop_stop
0000000000002984 t _mosquitto_loop_write
0000000000003e98 t __mosquitto_malloc
0000000000003ebc t _mosquitto_max_inflight_messages_set
0000000000002850 t _mosquitto_message_callback_set
0000000000004444 t __mosquitto_message_cleanup
0000000000004630 t __mosquitto_message_cleanup_all
00000000000046a8 t _mosquitto_message_copy
00000000000045d8 t __mosquitto_message_delete
00000000000043f8 t _mosquitto_message_free
0000000000003fdc t __mosquitto_message_out_update
0000000000003f08 t __mosquitto_message_queue
0000000000004068 t __mosquitto_message_remove
000000000000438c t __mosquitto_message_retry_check
00000000000042ac t __mosquitto_message_retry_check_actual
0000000000003edc t _mosquitto_message_retry_set
0000000000004490 t __mosquitto_messages_reconnect_reset
0000000000006fbc t __mosquitto_mid_generate
0000000000005698 t __mosquitto_net_cleanup
00000000000056bc t __mosquitto_net_init
0000000000004a38 t __mosquitto_net_read
0000000000004968 t __mosquitto_net_write
0000000000003c78 t _mosquitto_new
0000000000007104 t __mosquitto_packet_alloc
00000000000047e0 t __mosquitto_packet_cleanup
0000000000005918 t __mosquitto_packet_handle
00000000000055cc t __mosquitto_packet_queue
0000000000004b08 t __mosquitto_packet_read
0000000000005378 t __mosquitto_packet_write
00000000000031c0 t _mosquitto_publish
000000000000287c t _mosquitto_publish_callback_set
000000000000490c t __mosquitto_read_byte
0000000000004e3c t __mosquitto_read_bytes
0000000000004ce4 t __mosquitto_read_string
0000000000004818 t __mosquitto_read_uint16
0000000000003e8c t __mosquitto_realloc
00000000000033bc t __mosquitto_reconnect
000000000000350c t _mosquitto_reconnect
0000000000003600 t _mosquitto_reconnect_async
0000000000002428 t _mosquitto_reconnect_delay_set
0000000000003a64 t _mosquitto_reinitialise
000000000000612c t __mosquitto_send_command_with_mid
0000000000006670 t __mosquitto_send_connect
000000000000689c t __mosquitto_send_disconnect
00000000000063fc t __mosquitto_send_pingreq
00000000000063c8 t __mosquitto_send_pingresp
0000000000006380 t __mosquitto_send_puback
0000000000006338 t __mosquitto_send_pubcomp
0000000000006270 t __mosquitto_send_publish
0000000000006228 t __mosquitto_send_pubrec
00000000000061dc t __mosquitto_send_pubrel
0000000000005f80 t __mosquitto_send_real_publish
00000000000060b0 t __mosquitto_send_simple_command
0000000000006558 t __mosquitto_send_subscribe
0000000000006458 t __mosquitto_send_unsubscribe
0000000000006cfc t __mosquitto_server_certificate_verify
0000000000002454 t _mosquitto_socket
00000000000052f4 t __mosquitto_socket_close
0000000000005030 t __mosquitto_socket_connect
0000000000004738 t __mosquitto_socket_nonblock
000000000000477c t __mosquitto_socketpair
0000000000003e80 t __mosquitto_strdup
000000000000270c t _mosquitto_strerror
0000000000003170 t _mosquitto_subscribe
0000000000002824 t _mosquitto_subscribe_callback_set
00000000000025a8 t _mosquitto_sub_topic_tokenise
0000000000002550 t _mosquitto_sub_topic_tokens_free
0000000000006a74 t __mosquitto_thread_main
0000000000006ba0 t _mosquitto_time
0000000000002474 t _mosquitto_tls_insecure_set
0000000000002e74 t _mosquitto_tls_opts_set
0000000000002494 t _mosquitto_tls_psk_set
0000000000002f7c t _mosquitto_tls_set
0000000000006e6c t _mosquitto_topic_matches_sub
0000000000006d6c t __mosquitto_topic_wildcard_len_check
0000000000006dc0 t __mosquitto_topic_wildcard_pos_check
0000000000004ea0 t __mosquitto_try_connect
0000000000003124 t _mosquitto_unsubscribe
00000000000027f8 t _mosquitto_unsubscribe_callback_set
00000000000024dc t _mosquitto_user_data_set
0000000000002ef4 t _mosquitto_username_pw_set
0000000000006bb8 t __mosquitto_verify_certificate_hostname
00000000000024a4 t _mosquitto_want_write
00000000000071ec t __mosquitto_will_clear
0000000000003794 t _mosquitto_will_clear
0000000000007244 t __mosquitto_will_set
0000000000003a40 t _mosquitto_will_set
0000000000004880 t __mosquitto_write_byte
0000000000004d80 t __mosquitto_write_bytes
0000000000004df4 t __mosquitto_write_string
00000000000048e4 t __mosquitto_write_uint16
00000000000073ac t ___muldf3
00000000000077e8 t ___muldi3
000000000000d0ec b _object.4760
         U _OPENSSL_add_all_algorithms_noconf
000000000000cb54 d _p.4700
000000000000784c t ___pack_d
0000000000007f18 r ___PRETTY_FUNCTION__.12356
0000000000008024 r ___PRETTY_FUNCTION__.12446
0000000000008008 r ___PRETTY_FUNCTION__.12483
0000000000007fec r ___PRETTY_FUNCTION__.12502
0000000000007fc8 r ___PRETTY_FUNCTION__.12522
0000000000007fac r ___PRETTY_FUNCTION__.12557
0000000000007f84 r ___PRETTY_FUNCTION__.12607
0000000000007f68 r ___PRETTY_FUNCTION__.12646
0000000000007f48 r ___PRETTY_FUNCTION__.12654
00000000000084a0 r ___PRETTY_FUNCTION__.12909
0000000000008a00 r ___PRETTY_FUNCTION__.12962
000000000000880c r ___PRETTY_FUNCTION__.12963
0000000000008960 r ___PRETTY_FUNCTION__.12970
00000000000089e4 r ___PRETTY_FUNCTION__.12997
00000000000087f4 r ___PRETTY_FUNCTION__.13001
0000000000008450 r ___PRETTY_FUNCTION__.13010
0000000000008658 r ___PRETTY_FUNCTION__.13010
000000000000863c r ___PRETTY_FUNCTION__.13018
00000000000089cc r ___PRETTY_FUNCTION__.13019
000000000000861c r ___PRETTY_FUNCTION__.13028
00000000000087d0 r ___PRETTY_FUNCTION__.13038
0000000000008944 r ___PRETTY_FUNCTION__.13041
0000000000008434 r ___PRETTY_FUNCTION__.13044
0000000000008600 r ___PRETTY_FUNCTION__.13045
0000000000008928 r ___PRETTY_FUNCTION__.13057
00000000000085e4 r ___PRETTY_FUNCTION__.13062
00000000000087b0 r ___PRETTY_FUNCTION__.13066
0000000000008790 r ___PRETTY_FUNCTION__.13085
000000000000890c r ___PRETTY_FUNCTION__.13087
00000000000085c8 r ___PRETTY_FUNCTION__.13090
00000000000085ac r ___PRETTY_FUNCTION__.13122
0000000000008394 r ___PRETTY_FUNCTION__.13296
000000000000837c r ___PRETTY_FUNCTION__.13314
0000000000008364 r ___PRETTY_FUNCTION__.13442
000000000000834c r ___PRETTY_FUNCTION__.13456
0000000000008334 r ___PRETTY_FUNCTION__.13470
000000000000831c r ___PRETTY_FUNCTION__.13484
0000000000008304 r ___PRETTY_FUNCTION__.13499
00000000000082ec r ___PRETTY_FUNCTION__.13523
00000000000082d4 r ___PRETTY_FUNCTION__.13533
00000000000082c0 r ___PRETTY_FUNCTION__.13568
00000000000082a8 r ___PRETTY_FUNCTION__.13593
         U _pselect
         U _pthread_cancel
         U _pthread_create
         U _pthread_equal
         U _pthread_join
         U _pthread_mutex_destroy
         U _pthread_mutex_init
         U _pthread_mutex_lock
         U _pthread_mutex_unlock
         U _pthread_self
         U _rand
         U _read
         U _realloc
         w ___register_frame_info@@GCC_3.0
0000000000008a30 r __ROFIXUP_END__
0000000000008a2c r __ROFIXUP_LIST__
00000000000021ac t ___self_reloc
         U _signal
         U _sk_num
         U _sk_value
         U _sleep
         U _socket
         U _socketpair
         U _sprintf
         U _srand
00000000000069dc t _srv_callback
         U _SSL_connect
         U _SSL_CTX_check_private_key
         U _SSL_CTX_free
         U _SSL_CTX_load_verify_locations
         U _SSL_CTX_new
         U _SSL_CTX_set_cipher_list
         U _SSL_CTX_set_default_passwd_cb
         U _SSL_CTX_set_default_passwd_cb_userdata
         U _SSL_CTX_set_verify
         U _SSL_CTX_use_certificate_chain_file
         U _SSL_CTX_use_PrivateKey_file
         U _SSL_free
         U _SSL_get_error
         U _SSL_get_ex_data
         U _SSL_get_ex_data_X509_STORE_CTX_idx
         U _SSL_get_ex_new_index
         U _SSL_library_init
         U _SSL_load_error_strings
         U _SSL_new
         U _SSL_read
         U _SSL_set_bio
         U _SSL_set_ex_data
         U _SSL_shutdown
         U _SSL_write
0000000000020000 A __stacksize
         U _strcasecmp
         U _strcmp
         U _strdup
         U _strerror
         U _strlen
0000000000008a18 r ___thenan_df
000000000000cb58 d _tls_ex_index_mosq
         U _TLSv1_client_method
         U ___udivsi3
0000000000007ab0 t ___unpack_d
         U _vsnprintf
         U _write
         U _X509_get_ext_d2i
         U _X509_get_subject_name
         U _X509_NAME_get_text_by_NID
         U _X509_STORE_CTX_get_current_cert
         U _X509_STORE_CTX_get_error_depth
         U _X509_STORE_CTX_get_ex_data
